<?xml version="1.0" encoding="UTF-8"?>
<!-- Generated by org.testng.reporters.JUnitXMLReporter -->
<testsuite hostname="LH7U05CG6375FW6" ignored="0" name="Regression suite 1" tests="2" failures="2" timestamp="22 Feb 2018 14:28:52 GMT" time="0.122" errors="0">
  <testcase name="oc_RefilRx_01" time="0.072" classname="com.optumrx.irisuiuxqe.ordercreation.OrderCreationTest">
    <failure type="java.lang.IllegalArgumentException" message="Cannot find elements when the XPath expression is null.">
      <![CDATA[java.lang.IllegalArgumentException: Cannot find elements when the XPath expression is null.
	at org.openqa.selenium.By.xpath(By.java:113)
	at com.optumrx.irisuiuxqe.ordercreation.HomePage.searchPatient(HomePage.java:17)
	at com.optumrx.irisuiuxqe.ordercreation.OrderCreationTest.oc_RefilRx_01(OrderCreationTest.java:69)
... Removed 25 stack frames]]>
    </failure>
  </testcase> <!-- oc_RefilRx_01 -->
  <testcase name="oc_RefilRx_02" time="0.0" classname="com.optumrx.irisuiuxqe.ordercreation.OrderCreationTest">
    <failure type="java.lang.IllegalArgumentException" message="Cannot find elements when the XPath expression is null.">
      <![CDATA[java.lang.IllegalArgumentException: Cannot find elements when the XPath expression is null.
	at org.openqa.selenium.By.xpath(By.java:113)
	at com.optumrx.irisuiuxqe.ordercreation.HomePage.clickRxHistory(HomePage.java:42)
	at com.optumrx.irisuiuxqe.ordercreation.OrderCreationTest.oc_RefilRx_02(OrderCreationTest.java:84)
... Removed 25 stack frames]]>
    </failure>
  </testcase> <!-- oc_RefilRx_02 -->
</testsuite> <!-- Regression suite 1 -->
