<!DOCTYPE html PUBLIC "-//W3C//DTD XHTML 1.1//EN" "http://www.w3.org/TR/xhtml11/DTD/xhtml11.dtd">
<html xmlns="http://www.w3.org/1999/xhtml"><head><title>TestNG Report</title><style type="text/css">table {margin-bottom:10px;border-collapse:collapse;empty-cells:show}th,td {border:1px solid #009;padding:.25em .5em}th {vertical-align:bottom}td {vertical-align:top}table a {font-weight:bold}.stripe td {background-color: #E6EBF9}.num {text-align:right}.passedodd td {background-color: #3F3}.passedeven td {background-color: #0A0}.skippedodd td {background-color: #DDD}.skippedeven td {background-color: #CCC}.failedodd td,.attn {background-color: #F33}.failedeven td,.stripe .attn {background-color: #D00}.stacktrace {white-space:pre;font-family:monospace}.totop {font-size:85%;text-align:center;border-bottom:2px solid #000}</style></head><body><table><tr><th>Test</th><th># Passed</th><th># Skipped</th><th># Failed</th><th>Time (ms)</th><th>Included Groups</th><th>Excluded Groups</th></tr><tr><th colspan="7">Suite</th></tr><tr><td><a href="#t0">InternetExplorerTest</a></td><td class="num">0</td><td class="num attn">2</td><td class="num attn">1</td><td class="num">283,230</td><td>debug</td><td></td></tr></table><table><thead><tr><th>Class</th><th>Method</th><th>Start</th><th>Time (ms)</th></tr></thead><tbody><tr><th colspan="4">Suite</th></tr></tbody><tbody id="t0"><tr><th colspan="4">InternetExplorerTest &#8212; failed</th></tr><tr class="failedeven"><td rowspan="1">com.optumrx.irisuiuxqe.tests.OrderCreationTest</td><td><a href="#m0">TC512828_verifySalesOrderLandingPageComingFromWorkAreaSelectionPage</a></td><td rowspan="1">1532500656356</td><td rowspan="1">87331</td></tr><tr><th colspan="4">InternetExplorerTest &#8212; skipped</th></tr><tr class="skippedeven"><td rowspan="2">com.optumrx.irisuiuxqe.tests.OrderCreationTest</td><td><a href="#m1">TC512828_verifySalesOrderLandingPageComingFromWorkAreaSelectionPage</a></td><td rowspan="2">1532500467804</td><td rowspan="2">94874</td></tr><tr class="skippedeven"><td><a href="#m2">TC512828_verifySalesOrderLandingPageComingFromWorkAreaSelectionPage</a></td></tr></tbody></table><h2>InternetExplorerTest</h2><h3 id="m0">com.optumrx.irisuiuxqe.tests.OrderCreationTest#TC512828_verifySalesOrderLandingPageComingFromWorkAreaSelectionPage</h3><table class="result"><tr class="param"><th>Parameter #1</th></tr><tr class="param stripe"><td>IE</td></tr><tr><th>Exception</th></tr><tr><td><div class="stacktrace">org.openqa.selenium.TimeoutException: Expected condition failed: waiting for element to be clickable: By.id: workAreaSearch (tried for 15 second(s) with 500 MILLISECONDS interval)
Build info: version: &apos;3.5.3&apos;, revision: &apos;a88d25fe6b&apos;, time: &apos;2017-08-29T12:42:44.417Z&apos;
System info: host: &apos;LH7U05CG6375FW6&apos;, ip: &apos;10.194.24.77&apos;, os.name: &apos;Windows 7&apos;, os.arch: &apos;amd64&apos;, os.version: &apos;6.1&apos;, java.version: &apos;1.8.0_91&apos;
Driver info: org.openqa.selenium.ie.InternetExplorerDriver
Capabilities [{proxy=Proxy(), acceptInsecureCerts=false, browserVersion=11, se:ieOptions={nativeEvents=true, browserAttachTimeout=0, ie.ensureCleanSession=false, elementScrollBehavior=0, enablePersistentHover=false, ie.browserCommandLineSwitches=, ie.forceCreateProcessApi=false, requireWindowFocus=true, initialBrowserUrl=http://localhost:15703/, ignoreZoomSetting=false, ie.fileUploadDialogTimeout=3000, ignoreProtectedModeSettings=true}, timeouts={implicit=0, pageLoad=300000, script=30000}, browserName=internet explorer, pageLoadStrategy=normal, javascriptEnabled=true, platformName=XP, setWindowRect=true, platform=XP}]
Session ID: 0d45f62b-4b58-4653-8091-50f271c47b76
	at org.openqa.selenium.support.ui.WebDriverWait.timeoutException(WebDriverWait.java:80)
	at org.openqa.selenium.support.ui.FluentWait.until(FluentWait.java:232)
	at com.optumrx.irisuiuxqe.util.ComponentMethods.clickOnWebElelent(ComponentMethods.java:77)
	at com.optumrx.irisuiuxqe.ordercreation.SelectWorkAreaPage.selectValuesFromDropdownAndClickSearch(SelectWorkAreaPage.java:564)
	at com.optumrx.irisuiuxqe.tests.OrderCreationTest.TC512828_verifySalesOrderLandingPageComingFromWorkAreaSelectionPage(OrderCreationTest.java:1596)
... Removed 24 stack frames</div></td></tr></table><p class="totop"><a href="#summary">back to summary</a></p><h3 id="m1">com.optumrx.irisuiuxqe.tests.OrderCreationTest#TC512828_verifySalesOrderLandingPageComingFromWorkAreaSelectionPage</h3><table class="result"><tr class="param"><th>Parameter #1</th></tr><tr class="param stripe"><td>IE</td></tr><tr><th>Exception</th></tr><tr><td><div class="stacktrace">org.openqa.selenium.TimeoutException: Expected condition failed: waiting for element to be clickable: By.xpath: .//div[@class=&apos;col-md-12 top-margin&apos;]/div/div/div/div[2]/div/p (tried for 15 second(s) with 500 MILLISECONDS interval)
	at org.openqa.selenium.support.ui.WebDriverWait.timeoutException(WebDriverWait.java:80)
	at org.openqa.selenium.support.ui.FluentWait.until(FluentWait.java:232)
	at com.optumrx.irisuiuxqe.util.ComponentMethods.clickOnWebElelent(ComponentMethods.java:74)
	at com.optumrx.irisuiuxqe.ordercreation.SalesOrderPage.logout(SalesOrderPage.java:23)
	at com.optumrx.irisuiuxqe.tests.OrderCreationTest.TC512828_verifySalesOrderLandingPageComingFromWorkAreaSelectionPage(OrderCreationTest.java:1603)
Caused by: org.openqa.selenium.NoSuchElementException: Cannot locate an element using By.xpath: .//div[@class=&apos;col-md-12 top-margin&apos;]/div/div/div/div[2]/div/p
For documentation on this error, please visit: http://seleniumhq.org/exceptions/no_such_element.html
Build info: version: &apos;3.5.3&apos;, revision: &apos;a88d25fe6b&apos;, time: &apos;2017-08-29T12:42:44.417Z&apos;
System info: host: &apos;LH7U05CG6375FW6&apos;, ip: &apos;10.194.24.77&apos;, os.name: &apos;Windows 7&apos;, os.arch: &apos;amd64&apos;, os.version: &apos;6.1&apos;, java.version: &apos;1.8.0_91&apos;
Driver info: driver.version: unknown
	at org.openqa.selenium.support.ui.ExpectedConditions.lambda$findElement$0(ExpectedConditions.java:883)
	at java.util.Optional.orElseThrow(Optional.java:290)
	at org.openqa.selenium.support.ui.ExpectedConditions.findElement(ExpectedConditions.java:882)
	at org.openqa.selenium.support.ui.ExpectedConditions.access$000(ExpectedConditions.java:44)
	at org.openqa.selenium.support.ui.ExpectedConditions$7.apply(ExpectedConditions.java:206)
	at org.openqa.selenium.support.ui.ExpectedConditions$7.apply(ExpectedConditions.java:202)
	at org.openqa.selenium.support.ui.ExpectedConditions$22.apply(ExpectedConditions.java:644)
	at org.openqa.selenium.support.ui.ExpectedConditions$22.apply(ExpectedConditions.java:641)
	at org.openqa.selenium.support.ui.FluentWait.until(FluentWait.java:209)
	... 27 more
... Removed 24 stack frames</div></td></tr></table><p class="totop"><a href="#summary">back to summary</a></p><h3 id="m2">com.optumrx.irisuiuxqe.tests.OrderCreationTest#TC512828_verifySalesOrderLandingPageComingFromWorkAreaSelectionPage</h3><table class="result"><tr class="param"><th>Parameter #1</th></tr><tr class="param stripe"><td>IE</td></tr><tr><th>Exception</th></tr><tr><td><div class="stacktrace">org.openqa.selenium.TimeoutException: Expected condition failed: waiting for element to be clickable: By.xpath: .//div[@class=&apos;col-md-12 top-margin&apos;]/div/div/div/div[2]/div/p (tried for 15 second(s) with 500 MILLISECONDS interval)
	at org.openqa.selenium.support.ui.WebDriverWait.timeoutException(WebDriverWait.java:80)
	at org.openqa.selenium.support.ui.FluentWait.until(FluentWait.java:232)
	at com.optumrx.irisuiuxqe.util.ComponentMethods.clickOnWebElelent(ComponentMethods.java:74)
	at com.optumrx.irisuiuxqe.ordercreation.SalesOrderPage.logout(SalesOrderPage.java:23)
	at com.optumrx.irisuiuxqe.tests.OrderCreationTest.TC512828_verifySalesOrderLandingPageComingFromWorkAreaSelectionPage(OrderCreationTest.java:1603)
Caused by: org.openqa.selenium.NoSuchElementException: Cannot locate an element using By.xpath: .//div[@class=&apos;col-md-12 top-margin&apos;]/div/div/div/div[2]/div/p
For documentation on this error, please visit: http://seleniumhq.org/exceptions/no_such_element.html
Build info: version: &apos;3.5.3&apos;, revision: &apos;a88d25fe6b&apos;, time: &apos;2017-08-29T12:42:44.417Z&apos;
System info: host: &apos;LH7U05CG6375FW6&apos;, ip: &apos;10.194.24.77&apos;, os.name: &apos;Windows 7&apos;, os.arch: &apos;amd64&apos;, os.version: &apos;6.1&apos;, java.version: &apos;1.8.0_91&apos;
Driver info: driver.version: unknown
	at org.openqa.selenium.support.ui.ExpectedConditions.lambda$findElement$0(ExpectedConditions.java:883)
	at java.util.Optional.orElseThrow(Optional.java:290)
	at org.openqa.selenium.support.ui.ExpectedConditions.findElement(ExpectedConditions.java:882)
	at org.openqa.selenium.support.ui.ExpectedConditions.access$000(ExpectedConditions.java:44)
	at org.openqa.selenium.support.ui.ExpectedConditions$7.apply(ExpectedConditions.java:206)
	at org.openqa.selenium.support.ui.ExpectedConditions$7.apply(ExpectedConditions.java:202)
	at org.openqa.selenium.support.ui.ExpectedConditions$22.apply(ExpectedConditions.java:644)
	at org.openqa.selenium.support.ui.ExpectedConditions$22.apply(ExpectedConditions.java:641)
	at org.openqa.selenium.support.ui.FluentWait.until(FluentWait.java:209)
	... 27 more
... Removed 24 stack frames</div></td></tr></table><p class="totop"><a href="#summary">back to summary</a></p></body></html>