<!DOCTYPE html>

<html>
  <head>
  <meta charset='utf-8'>
  <title>TestNG reports</title>

    <link type="text/css" href="testng-reports.css" rel="stylesheet" />  
    <script type="text/javascript" src="jquery-1.7.1.min.js"></script>
    <script type="text/javascript" src="testng-reports.js"></script>
    <script type="text/javascript" src="https://www.google.com/jsapi"></script>
    <script type='text/javascript'>
      google.load('visualization', '1', {packages:['table']});
      google.setOnLoadCallback(drawTable);
      var suiteTableInitFunctions = new Array();
      var suiteTableData = new Array();
    </script>
    <!--
      <script type="text/javascript" src="jquery-ui/js/jquery-ui-1.8.16.custom.min.js"></script>
     -->
  </head>

  <body>
    <div class="top-banner-root">
      <span class="top-banner-title-font">Test results</span>
      <br/>
      <span class="top-banner-font-1">1 suite, 1 failed test</span>
    </div> <!-- top-banner-root -->
    <div class="navigator-root">
      <div class="navigator-suite-header">
        <span>All suites</span>
        <a href="#" class="collapse-all-link" title="Collapse/expand all the suites">
          <img class="collapse-all-icon" src="collapseall.gif">
          </img> <!-- collapse-all-icon -->
        </a> <!-- collapse-all-link -->
      </div> <!-- navigator-suite-header -->
      <div class="suite">
        <div class="rounded-window">
          <div class="suite-header light-rounded-window-top">
            <a href="#" class="navigator-link" panel-name="suite-Suite">
              <span class="suite-name border-failed">Suite</span>
            </a> <!-- navigator-link -->
          </div> <!-- suite-header light-rounded-window-top -->
          <div class="navigator-suite-content">
            <div class="suite-section-title">
              <span>Info</span>
            </div> <!-- suite-section-title -->
            <div class="suite-section-content">
              <ul>
                <li>
                  <a href="#" class="navigator-link " panel-name="test-xml-Suite">
                    <span>C:\DD\Automation\GitAutomationFramework\ORx_iris_uiux_qe\testng.xml</span>
                  </a> <!-- navigator-link  -->
                </li>
                <li>
                  <a href="#" class="navigator-link " panel-name="testlist-Suite">
                    <span class="test-stats">2 tests</span>
                  </a> <!-- navigator-link  -->
                </li>
                <li>
                  <a href="#" class="navigator-link " panel-name="group-Suite">
                    <span>3 groups</span>
                  </a> <!-- navigator-link  -->
                </li>
                <li>
                  <a href="#" class="navigator-link " panel-name="times-Suite">
                    <span>Times</span>
                  </a> <!-- navigator-link  -->
                </li>
                <li>
                  <a href="#" class="navigator-link " panel-name="reporter-Suite">
                    <span>Reporter output</span>
                  </a> <!-- navigator-link  -->
                </li>
                <li>
                  <a href="#" class="navigator-link " panel-name="ignored-methods-Suite">
                    <span>Ignored methods</span>
                  </a> <!-- navigator-link  -->
                </li>
                <li>
                  <a href="#" class="navigator-link " panel-name="chronological-Suite">
                    <span>Chronological view</span>
                  </a> <!-- navigator-link  -->
                </li>
              </ul>
            </div> <!-- suite-section-content -->
            <div class="result-section">
              <div class="suite-section-title">
                <span>Results</span>
              </div> <!-- suite-section-title -->
              <div class="suite-section-content">
                <ul>
                  <li>
                    <span class="method-stats">3 methods, 1 failed,  2 skipped,  </span>
                  </li>
                  <li>
                    <span class="method-list-title failed">Failed methods</span>
                    <span class="show-or-hide-methods failed">
                      <a href="#" panel-name="suite-Suite" class="hide-methods failed suite-Suite"> (hide)</a> <!-- hide-methods failed suite-Suite -->
                      <a href="#" panel-name="suite-Suite" class="show-methods failed suite-Suite"> (show)</a> <!-- show-methods failed suite-Suite -->
                    </span>
                    <div class="method-list-content failed suite-Suite">
                      <span>
                        <img width="3%" src="failed.png"/>
                        <a href="#" class="method navigator-link" panel-name="suite-Suite" title="com.optumrx.irisuiuxqe.tests.OrderCreationTest" hash-for-method="TC512828_verifySalesOrderLandingPageComingFromWorkAreaSelectionPage(IE)">TC512828_verifySalesOrderLandingPageComingFromWorkAreaSelectionPage(IE)</a> <!-- method navigator-link -->
                      </span>
                      <br/>
                    </div> <!-- method-list-content failed suite-Suite -->
                  </li>
                  <li>
                    <span class="method-list-title skipped">Skipped methods</span>
                    <span class="show-or-hide-methods skipped">
                      <a href="#" panel-name="suite-Suite" class="hide-methods skipped suite-Suite"> (hide)</a> <!-- hide-methods skipped suite-Suite -->
                      <a href="#" panel-name="suite-Suite" class="show-methods skipped suite-Suite"> (show)</a> <!-- show-methods skipped suite-Suite -->
                    </span>
                    <div class="method-list-content skipped suite-Suite">
                      <span>
                        <img width="3%" src="skipped.png"/>
                        <a href="#" class="method navigator-link" panel-name="suite-Suite" title="com.optumrx.irisuiuxqe.tests.OrderCreationTest" hash-for-method="TC512828_verifySalesOrderLandingPageComingFromWorkAreaSelectionPage(IE)">TC512828_verifySalesOrderLandingPageComingFromWorkAreaSelectionPage(IE)</a> <!-- method navigator-link -->
                      </span>
                      <br/>
                      <span>
                        <img width="3%" src="skipped.png"/>
                        <a href="#" class="method navigator-link" panel-name="suite-Suite" title="com.optumrx.irisuiuxqe.tests.OrderCreationTest" hash-for-method="TC512828_verifySalesOrderLandingPageComingFromWorkAreaSelectionPage(IE)">TC512828_verifySalesOrderLandingPageComingFromWorkAreaSelectionPage(IE)</a> <!-- method navigator-link -->
                      </span>
                      <br/>
                    </div> <!-- method-list-content skipped suite-Suite -->
                  </li>
                </ul>
              </div> <!-- suite-section-content -->
            </div> <!-- result-section -->
          </div> <!-- navigator-suite-content -->
        </div> <!-- rounded-window -->
      </div> <!-- suite -->
    </div> <!-- navigator-root -->
    <div class="wrapper">
      <div class="main-panel-root">
        <div panel-name="suite-Suite" class="panel Suite">
          <div class="suite-Suite-class-failed">
            <div class="main-panel-header rounded-window-top">
              <img src="failed.png"/>
              <span class="class-name">com.optumrx.irisuiuxqe.tests.OrderCreationTest</span>
            </div> <!-- main-panel-header rounded-window-top -->
            <div class="main-panel-content rounded-window-bottom">
              <div class="method">
                <div class="method-content">
                  <a name="TC512828_verifySalesOrderLandingPageComingFromWorkAreaSelectionPage(IE)">
                  </a> <!-- TC512828_verifySalesOrderLandingPageComingFromWorkAreaSelectionPage(IE) -->
                  <span class="method-name">TC512828_verifySalesOrderLandingPageComingFromWorkAreaSelectionPage</span>
                  <span class="parameters">(IE)</span>
                  <div class="stack-trace">org.openqa.selenium.TimeoutException: Expected condition failed: waiting for element to be clickable: By.id: workAreaSearch (tried for 15 second(s) with 500 MILLISECONDS interval)
Build info: version: &apos;3.5.3&apos;, revision: &apos;a88d25fe6b&apos;, time: &apos;2017-08-29T12:42:44.417Z&apos;
System info: host: &apos;LH7U05CG6375FW6&apos;, ip: &apos;10.194.24.77&apos;, os.name: &apos;Windows 7&apos;, os.arch: &apos;amd64&apos;, os.version: &apos;6.1&apos;, java.version: &apos;1.8.0_91&apos;
Driver info: org.openqa.selenium.ie.InternetExplorerDriver
Capabilities [{proxy=Proxy(), acceptInsecureCerts=false, browserVersion=11, se:ieOptions={nativeEvents=true, browserAttachTimeout=0, ie.ensureCleanSession=false, elementScrollBehavior=0, enablePersistentHover=false, ie.browserCommandLineSwitches=, ie.forceCreateProcessApi=false, requireWindowFocus=true, initialBrowserUrl=http://localhost:15703/, ignoreZoomSetting=false, ie.fileUploadDialogTimeout=3000, ignoreProtectedModeSettings=true}, timeouts={implicit=0, pageLoad=300000, script=30000}, browserName=internet explorer, pageLoadStrategy=normal, javascriptEnabled=true, platformName=XP, setWindowRect=true, platform=XP}]
Session ID: 0d45f62b-4b58-4653-8091-50f271c47b76
	at org.openqa.selenium.support.ui.WebDriverWait.timeoutException(WebDriverWait.java:80)
	at org.openqa.selenium.support.ui.FluentWait.until(FluentWait.java:232)
	at com.optumrx.irisuiuxqe.util.ComponentMethods.clickOnWebElelent(ComponentMethods.java:77)
	at com.optumrx.irisuiuxqe.ordercreation.SelectWorkAreaPage.selectValuesFromDropdownAndClickSearch(SelectWorkAreaPage.java:564)
	at com.optumrx.irisuiuxqe.tests.OrderCreationTest.TC512828_verifySalesOrderLandingPageComingFromWorkAreaSelectionPage(OrderCreationTest.java:1596)
... Removed 24 stack frames
</div> <!-- stack-trace -->
                </div> <!-- method-content -->
              </div> <!-- method -->
            </div> <!-- main-panel-content rounded-window-bottom -->
          </div> <!-- suite-Suite-class-failed -->
          <div class="suite-Suite-class-skipped">
            <div class="main-panel-header rounded-window-top">
              <img src="skipped.png"/>
              <span class="class-name">com.optumrx.irisuiuxqe.tests.OrderCreationTest</span>
            </div> <!-- main-panel-header rounded-window-top -->
            <div class="main-panel-content rounded-window-bottom">
              <div class="method">
                <div class="method-content">
                  <a name="TC512828_verifySalesOrderLandingPageComingFromWorkAreaSelectionPage(IE)">
                  </a> <!-- TC512828_verifySalesOrderLandingPageComingFromWorkAreaSelectionPage(IE) -->
                  <span class="method-name">TC512828_verifySalesOrderLandingPageComingFromWorkAreaSelectionPage</span>
                  <span class="parameters">(IE)</span>
                  <div class="stack-trace">org.openqa.selenium.TimeoutException: Expected condition failed: waiting for element to be clickable: By.xpath: .//div[@class=&apos;col-md-12 top-margin&apos;]/div/div/div/div[2]/div/p (tried for 15 second(s) with 500 MILLISECONDS interval)
	at org.openqa.selenium.support.ui.WebDriverWait.timeoutException(WebDriverWait.java:80)
	at org.openqa.selenium.support.ui.FluentWait.until(FluentWait.java:232)
	at com.optumrx.irisuiuxqe.util.ComponentMethods.clickOnWebElelent(ComponentMethods.java:74)
	at com.optumrx.irisuiuxqe.ordercreation.SalesOrderPage.logout(SalesOrderPage.java:23)
	at com.optumrx.irisuiuxqe.tests.OrderCreationTest.TC512828_verifySalesOrderLandingPageComingFromWorkAreaSelectionPage(OrderCreationTest.java:1603)
Caused by: org.openqa.selenium.NoSuchElementException: Cannot locate an element using By.xpath: .//div[@class=&apos;col-md-12 top-margin&apos;]/div/div/div/div[2]/div/p
For documentation on this error, please visit: http://seleniumhq.org/exceptions/no_such_element.html
Build info: version: &apos;3.5.3&apos;, revision: &apos;a88d25fe6b&apos;, time: &apos;2017-08-29T12:42:44.417Z&apos;
System info: host: &apos;LH7U05CG6375FW6&apos;, ip: &apos;10.194.24.77&apos;, os.name: &apos;Windows 7&apos;, os.arch: &apos;amd64&apos;, os.version: &apos;6.1&apos;, java.version: &apos;1.8.0_91&apos;
Driver info: driver.version: unknown
	at org.openqa.selenium.support.ui.ExpectedConditions.lambda$findElement$0(ExpectedConditions.java:883)
	at java.util.Optional.orElseThrow(Optional.java:290)
	at org.openqa.selenium.support.ui.ExpectedConditions.findElement(ExpectedConditions.java:882)
	at org.openqa.selenium.support.ui.ExpectedConditions.access$000(ExpectedConditions.java:44)
	at org.openqa.selenium.support.ui.ExpectedConditions$7.apply(ExpectedConditions.java:206)
	at org.openqa.selenium.support.ui.ExpectedConditions$7.apply(ExpectedConditions.java:202)
	at org.openqa.selenium.support.ui.ExpectedConditions$22.apply(ExpectedConditions.java:644)
	at org.openqa.selenium.support.ui.ExpectedConditions$22.apply(ExpectedConditions.java:641)
	at org.openqa.selenium.support.ui.FluentWait.until(FluentWait.java:209)
	... 27 more
... Removed 24 stack frames
</div> <!-- stack-trace -->
                </div> <!-- method-content -->
              </div> <!-- method -->
              <div class="method">
                <div class="method-content">
                  <a name="TC512828_verifySalesOrderLandingPageComingFromWorkAreaSelectionPage(IE)">
                  </a> <!-- TC512828_verifySalesOrderLandingPageComingFromWorkAreaSelectionPage(IE) -->
                  <span class="method-name">TC512828_verifySalesOrderLandingPageComingFromWorkAreaSelectionPage</span>
                  <span class="parameters">(IE)</span>
                  <div class="stack-trace">org.openqa.selenium.TimeoutException: Expected condition failed: waiting for element to be clickable: By.xpath: .//div[@class=&apos;col-md-12 top-margin&apos;]/div/div/div/div[2]/div/p (tried for 15 second(s) with 500 MILLISECONDS interval)
	at org.openqa.selenium.support.ui.WebDriverWait.timeoutException(WebDriverWait.java:80)
	at org.openqa.selenium.support.ui.FluentWait.until(FluentWait.java:232)
	at com.optumrx.irisuiuxqe.util.ComponentMethods.clickOnWebElelent(ComponentMethods.java:74)
	at com.optumrx.irisuiuxqe.ordercreation.SalesOrderPage.logout(SalesOrderPage.java:23)
	at com.optumrx.irisuiuxqe.tests.OrderCreationTest.TC512828_verifySalesOrderLandingPageComingFromWorkAreaSelectionPage(OrderCreationTest.java:1603)
Caused by: org.openqa.selenium.NoSuchElementException: Cannot locate an element using By.xpath: .//div[@class=&apos;col-md-12 top-margin&apos;]/div/div/div/div[2]/div/p
For documentation on this error, please visit: http://seleniumhq.org/exceptions/no_such_element.html
Build info: version: &apos;3.5.3&apos;, revision: &apos;a88d25fe6b&apos;, time: &apos;2017-08-29T12:42:44.417Z&apos;
System info: host: &apos;LH7U05CG6375FW6&apos;, ip: &apos;10.194.24.77&apos;, os.name: &apos;Windows 7&apos;, os.arch: &apos;amd64&apos;, os.version: &apos;6.1&apos;, java.version: &apos;1.8.0_91&apos;
Driver info: driver.version: unknown
	at org.openqa.selenium.support.ui.ExpectedConditions.lambda$findElement$0(ExpectedConditions.java:883)
	at java.util.Optional.orElseThrow(Optional.java:290)
	at org.openqa.selenium.support.ui.ExpectedConditions.findElement(ExpectedConditions.java:882)
	at org.openqa.selenium.support.ui.ExpectedConditions.access$000(ExpectedConditions.java:44)
	at org.openqa.selenium.support.ui.ExpectedConditions$7.apply(ExpectedConditions.java:206)
	at org.openqa.selenium.support.ui.ExpectedConditions$7.apply(ExpectedConditions.java:202)
	at org.openqa.selenium.support.ui.ExpectedConditions$22.apply(ExpectedConditions.java:644)
	at org.openqa.selenium.support.ui.ExpectedConditions$22.apply(ExpectedConditions.java:641)
	at org.openqa.selenium.support.ui.FluentWait.until(FluentWait.java:209)
	... 27 more
... Removed 24 stack frames
</div> <!-- stack-trace -->
                </div> <!-- method-content -->
              </div> <!-- method -->
            </div> <!-- main-panel-content rounded-window-bottom -->
          </div> <!-- suite-Suite-class-skipped -->
        </div> <!-- panel Suite -->
        <div panel-name="test-xml-Suite" class="panel">
          <div class="main-panel-header rounded-window-top">
            <span class="header-content">C:\DD\Automation\GitAutomationFramework\ORx_iris_uiux_qe\testng.xml</span>
          </div> <!-- main-panel-header rounded-window-top -->
          <div class="main-panel-content rounded-window-bottom">
            <pre>
&lt;?xml version=&quot;1.0&quot; encoding=&quot;UTF-8&quot;?&gt;
&lt;!DOCTYPE suite SYSTEM &quot;http://testng.org/testng-1.0.dtd&quot;&gt;
&lt;suite guice-stage=&quot;DEVELOPMENT&quot; name=&quot;Suite&quot;&gt;
  &lt;listeners&gt;
    &lt;listener class-name=&quot;com.optumrx.irisuiuxqe.util.RetryListener&quot;/&gt;
  &lt;/listeners&gt;
  &lt;test name=&quot;InternetExplorerTest&quot;&gt;
    &lt;parameter name=&quot;browser&quot; value=&quot;IE&quot;/&gt;
    &lt;groups&gt;
      &lt;run&gt;
        &lt;include name=&quot;debug&quot;/&gt;
      &lt;/run&gt;
    &lt;/groups&gt;
    &lt;classes&gt;
      &lt;class name=&quot;com.optumrx.irisuiuxqe.tests.OrderCreationTest&quot;/&gt;
    &lt;/classes&gt;
  &lt;/test&gt; &lt;!-- InternetExplorerTest --&gt;
  &lt;test name=&quot;InternetExplorerTest(failed)&quot;&gt;
    &lt;parameter name=&quot;browser&quot; value=&quot;IE&quot;/&gt;
    &lt;groups&gt;
      &lt;run&gt;
        &lt;include name=&quot;debug&quot;/&gt;
      &lt;/run&gt;
    &lt;/groups&gt;
    &lt;classes&gt;
      &lt;class name=&quot;com.optumrx.irisuiuxqe.tests.OrderCreationTest&quot;&gt;
        &lt;methods&gt;
          &lt;include name=&quot;closeConnections&quot;/&gt;
          &lt;include name=&quot;oc_login_00&quot;/&gt;
          &lt;include name=&quot;logout&quot;/&gt;
          &lt;include name=&quot;TC512828_verifySalesOrderLandingPageComingFromWorkAreaSelectionPage&quot; invocation-numbers=&quot;0 0 0&quot;/&gt;
          &lt;include name=&quot;createConnections&quot;/&gt;
        &lt;/methods&gt;
      &lt;/class&gt; &lt;!-- com.optumrx.irisuiuxqe.tests.OrderCreationTest --&gt;
    &lt;/classes&gt;
  &lt;/test&gt; &lt;!-- InternetExplorerTest(failed) --&gt;
&lt;/suite&gt; &lt;!-- Suite --&gt;
            </pre>
          </div> <!-- main-panel-content rounded-window-bottom -->
        </div> <!-- panel -->
        <div panel-name="testlist-Suite" class="panel">
          <div class="main-panel-header rounded-window-top">
            <span class="header-content">Tests for Suite</span>
          </div> <!-- main-panel-header rounded-window-top -->
          <div class="main-panel-content rounded-window-bottom">
            <ul>
              <li>
                <span class="test-name">InternetExplorerTest (1 class)</span>
              </li>
              <li>
                <span class="test-name">InternetExplorerTest(failed) (1 class)</span>
              </li>
            </ul>
          </div> <!-- main-panel-content rounded-window-bottom -->
        </div> <!-- panel -->
        <div panel-name="group-Suite" class="panel">
          <div class="main-panel-header rounded-window-top">
            <span class="header-content">Groups for Suite</span>
          </div> <!-- main-panel-header rounded-window-top -->
          <div class="main-panel-content rounded-window-bottom">
            <div class="test-group">
              <span class="test-group-name">Regression</span>
              <br/>
              <div class="method-in-group">
                <span class="method-in-group-name">TC512828_verifySalesOrderLandingPageComingFromWorkAreaSelectionPage</span>
                <br/>
              </div> <!-- method-in-group -->
            </div> <!-- test-group -->
            <div class="test-group">
              <span class="test-group-name">SalesOrder</span>
              <br/>
              <div class="method-in-group">
                <span class="method-in-group-name">TC512828_verifySalesOrderLandingPageComingFromWorkAreaSelectionPage</span>
                <br/>
              </div> <!-- method-in-group -->
            </div> <!-- test-group -->
            <div class="test-group">
              <span class="test-group-name">debug</span>
              <br/>
              <div class="method-in-group">
                <span class="method-in-group-name">TC512828_verifySalesOrderLandingPageComingFromWorkAreaSelectionPage</span>
                <br/>
              </div> <!-- method-in-group -->
            </div> <!-- test-group -->
          </div> <!-- main-panel-content rounded-window-bottom -->
        </div> <!-- panel -->
        <div panel-name="times-Suite" class="panel">
          <div class="main-panel-header rounded-window-top">
            <span class="header-content">Times for Suite</span>
          </div> <!-- main-panel-header rounded-window-top -->
          <div class="main-panel-content rounded-window-bottom">
            <div class="times-div">
              <script type="text/javascript">
suiteTableInitFunctions.push('tableData_Suite');
function tableData_Suite() {
var data = new google.visualization.DataTable();
data.addColumn('number', 'Number');
data.addColumn('string', 'Method');
data.addColumn('string', 'Class');
data.addColumn('number', 'Time (ms)');
data.addRows(3);
data.setCell(0, 0, 0)
data.setCell(0, 1, 'TC512828_verifySalesOrderLandingPageComingFromWorkAreaSelectionPage')
data.setCell(0, 2, 'com.optumrx.irisuiuxqe.tests.OrderCreationTest')
data.setCell(0, 3, 94874);
data.setCell(1, 0, 1)
data.setCell(1, 1, 'TC512828_verifySalesOrderLandingPageComingFromWorkAreaSelectionPage')
data.setCell(1, 2, 'com.optumrx.irisuiuxqe.tests.OrderCreationTest')
data.setCell(1, 3, 92296);
data.setCell(2, 0, 2)
data.setCell(2, 1, 'TC512828_verifySalesOrderLandingPageComingFromWorkAreaSelectionPage')
data.setCell(2, 2, 'com.optumrx.irisuiuxqe.tests.OrderCreationTest')
data.setCell(2, 3, 87331);
window.suiteTableData['Suite']= { tableData: data, tableDiv: 'times-div-Suite'}
return data;
}
              </script>
              <span class="suite-total-time">Total running time: 4 minutes</span>
              <div id="times-div-Suite">
              </div> <!-- times-div-Suite -->
            </div> <!-- times-div -->
          </div> <!-- main-panel-content rounded-window-bottom -->
        </div> <!-- panel -->
        <div panel-name="reporter-Suite" class="panel">
          <div class="main-panel-header rounded-window-top">
            <span class="header-content">Reporter output for Suite</span>
          </div> <!-- main-panel-header rounded-window-top -->
          <div class="main-panel-content rounded-window-bottom">
          </div> <!-- main-panel-content rounded-window-bottom -->
        </div> <!-- panel -->
        <div panel-name="ignored-methods-Suite" class="panel">
          <div class="main-panel-header rounded-window-top">
            <span class="header-content">44 ignored methods</span>
          </div> <!-- main-panel-header rounded-window-top -->
          <div class="main-panel-content rounded-window-bottom">
            <div class="ignored-class-div">
              <span class="ignored-class-name">com.optumrx.irisuiuxqe.tests.OrderCreationTest</span>
              <div class="ignored-methods-div">
                <span class="ignored-method-name">TC494177_verifyAccountSummarysectionavailabilityonSalesOrderPage</span>
                <br/>
                <span class="ignored-method-name">TC462538_verifyAllElementsOnWorkAreaSelectionPage</span>
                <br/>
                <span class="ignored-method-name">TC448499_verifyLoginScreenTitle</span>
                <br/>
                <span class="ignored-method-name">TC471483_verifyThatOnlyNumericDataIsAcceptedAsAccountNumber</span>
                <br/>
                <span class="ignored-method-name">TC494168_verifySequenceFfTextToBeDisplayedInPatientSummarySectionOnSalesOrderPage</span>
                <br/>
                <span class="ignored-method-name">TC494172_verifysequenceofColumntobedisplayedinOrderDetailsSectionOnSalesOrderPage</span>
                <br/>
                <span class="ignored-method-name">TC494169_verifyOrderDetailsSectionavailabilityonSalesOrderPage</span>
                <br/>
                <span class="ignored-method-name">TC448562_verifyADGroupAuthorization</span>
                <br/>
                <span class="ignored-method-name">TC494163_verifyOrderSummarySectionavailabilityonSalesOrderPage</span>
                <br/>
                <span class="ignored-method-name">TC494179_verifyAllButtonsavailabilityatthebottomRightonSalesOrderPage</span>
                <br/>
                <span class="ignored-method-name">TC494183_verifyAvailableoptionsunderHoldsectiononSalesOrderPage</span>
                <br/>
                <span class="ignored-method-name">TC448517_verifyCopyPasteDisabled</span>
                <br/>
                <span class="ignored-method-name">TC471380_verifyFirstNameAndLastNameRequiredOnMemberSearchPage</span>
                <br/>
                <span class="ignored-method-name">TC462442_verifyWorkAreaSelectionPage</span>
                <br/>
                <span class="ignored-method-name">TC494181_verifyHoldsectionavailabilityonSalesOrderPage</span>
                <br/>
                <span class="ignored-method-name">TC467694_verifyShiftTab</span>
                <br/>
                <span class="ignored-method-name">TC467691_verifySearchButtonHotKey</span>
                <br/>
                <span class="ignored-method-name">TC494166_verifyPatientSummarySectionavailabilityonSalesOrderPage</span>
                <br/>
                <span class="ignored-method-name">TC448493_verifyLoginScreen</span>
                <br/>
                <span class="ignored-method-name">TC494187_verifyTasksectionavailabilityonSalesOrderPage</span>
                <br/>
                <span class="ignored-method-name">TC467681_verifyResetButtonHotKey</span>
                <br/>
                <span class="ignored-method-name">TC448557_verifyInvalidUsernamePassword</span>
                <br/>
                <span class="ignored-method-name">TC462557_verifyClearCurrentSelectionUsingRestButton</span>
                <br/>
                <span class="ignored-method-name">TC494192_verifyAvailableoptionsunderPaymentsectiononSalesOrderPage</span>
                <br/>
                <span class="ignored-method-name">TC467679_verifyTabSequence</span>
                <br/>
                <span class="ignored-method-name">TC494174_verifyNotesSectionavailabilityonSalesOrderPage</span>
                <br/>
                <span class="ignored-method-name">TC448558_verifyLoginWithValidUsernamePassword</span>
                <br/>
                <span class="ignored-method-name">TC494186_verifyAvailableOptionsUnderPatientHistorysectiononSalesOrderPage</span>
                <br/>
                <span class="ignored-method-name">TC494165_verifySequenceOfTextToBeDisplayedInOrderSummarySectionOnSalesOrderPage</span>
                <br/>
                <span class="ignored-method-name">TC494176_verifyMycommentstextboxavailabilitybelownotessectiononSalesOrderPage</span>
                <br/>
                <span class="ignored-method-name">TC462561_verifySaveAsPresetClickSearch</span>
                <br/>
                <span class="ignored-method-name">TC480151_verifyGlobalBannerOnWorkAreaSelectionPage</span>
                <br/>
                <span class="ignored-method-name">TC484954_verifyFunctionalityOfBannerOnWorkAreaSelectionPage</span>
                <br/>
                <span class="ignored-method-name">TC462572_verifyResetButtonClearUserPreset</span>
                <br/>
                <span class="ignored-method-name">TC494189_verifyAvailableoptionsunderTasksectiononSalesOrderPage</span>
                <br/>
                <span class="ignored-method-name">TC448556_verifyValidUsernameBlankPassword</span>
                <br/>
                <span class="ignored-method-name">TC448511_verifyPresenceOfPlaceholders</span>
                <br/>
                <span class="ignored-method-name">TC462564_verifySearchButtonDisable</span>
                <br/>
                <span class="ignored-method-name">TC494184_verifyPatientHistorysectionavailabilityonSalesOrderPage</span>
                <br/>
                <span class="ignored-method-name">TC494162_verifyBennerAvailabilityonSalesOrderPage</span>
                <br/>
                <span class="ignored-method-name">TC448560_verifyResultAfterRefresh</span>
                <br/>
                <span class="ignored-method-name">TC448500_verifyPasswordEncyptedFormat</span>
                <br/>
                <span class="ignored-method-name">TC448501_verifySpellingGrammar</span>
                <br/>
                <span class="ignored-method-name">TC494190_verifyPaymentsectionavailabilityonSalesOrderPage</span>
                <br/>
              </div> <!-- ignored-methods-div -->
            </div> <!-- ignored-class-div -->
          </div> <!-- main-panel-content rounded-window-bottom -->
        </div> <!-- panel -->
        <div panel-name="chronological-Suite" class="panel">
          <div class="main-panel-header rounded-window-top">
            <span class="header-content">Methods in chronological order</span>
          </div> <!-- main-panel-header rounded-window-top -->
          <div class="main-panel-content rounded-window-bottom">
            <div class="chronological-class">
              <div class="chronological-class-name">com.optumrx.irisuiuxqe.tests.OrderCreationTest</div> <!-- chronological-class-name -->
              <div class="configuration-test before">
                <span class="method-name">createConnections</span>
                <span class="method-start">0 ms</span>
              </div> <!-- configuration-test before -->
              <div class="test-method">
                <span class="method-name">TC512828_verifySalesOrderLandingPageComingFromWorkAreaSelectionPage(IE)</span>
                <span class="method-start">2544 ms</span>
              </div> <!-- test-method -->
              <div class="configuration-method before">
                <span class="method-name">oc_login_00</span>
                <span class="method-start">2544 ms</span>
              </div> <!-- configuration-method before -->
              <div class="configuration-method after">
                <span class="method-name">logout([TestResult name=TC512828_verifySalesOrderLandingPageComingFromWorkAreaSelectionPage status=SKIP met...)</span>
                <span class="method-start">97429 ms</span>
              </div> <!-- configuration-method after -->
              <div class="test-method">
                <span class="method-name">TC512828_verifySalesOrderLandingPageComingFromWorkAreaSelectionPage(IE)</span>
                <span class="method-start">98049 ms</span>
              </div> <!-- test-method -->
              <div class="configuration-method before">
                <span class="method-name">oc_login_00</span>
                <span class="method-start">98049 ms</span>
              </div> <!-- configuration-method before -->
              <div class="configuration-method after">
                <span class="method-name">logout([TestResult name=TC512828_verifySalesOrderLandingPageComingFromWorkAreaSelectionPage status=SKIP met...)</span>
                <span class="method-start">190345 ms</span>
              </div> <!-- configuration-method after -->
              <div class="test-method">
                <img src="failed.png">
                </img>
                <span class="method-name">TC512828_verifySalesOrderLandingPageComingFromWorkAreaSelectionPage(IE)</span>
                <span class="method-start">191096 ms</span>
              </div> <!-- test-method -->
              <div class="configuration-method before">
                <span class="method-name">oc_login_00</span>
                <span class="method-start">191096 ms</span>
              </div> <!-- configuration-method before -->
              <div class="configuration-method after">
                <span class="method-name">logout([TestResult name=TC512828_verifySalesOrderLandingPageComingFromWorkAreaSelectionPage status=FAILURE ...)</span>
                <span class="method-start">278427 ms</span>
              </div> <!-- configuration-method after -->
              <div class="configuration-test after">
                <span class="method-name">closeConnections</span>
                <span class="method-start">278947 ms</span>
              </div> <!-- configuration-test after -->
          </div> <!-- main-panel-content rounded-window-bottom -->
        </div> <!-- panel -->
      </div> <!-- main-panel-root -->
    </div> <!-- wrapper -->
  </body>
</html>
