<?xml version="1.0" encoding="UTF-8"?>
<testng-results skipped="2" failed="1" total="3" passed="0">
  <reporter-output>
  </reporter-output>
  <suite name="Suite" duration-ms="283230" started-at="2018-07-25T06:34:25Z" finished-at="2018-07-25T06:39:08Z">
    <groups>
      <group name="debug">
        <method signature="OrderCreationTest.TC512828_verifySalesOrderLandingPageComingFromWorkAreaSelectionPage(java.lang.String)[pri:48, instance:com.optumrx.irisuiuxqe.tests.OrderCreationTest@598067a5]" name="TC512828_verifySalesOrderLandingPageComingFromWorkAreaSelectionPage" class="com.optumrx.irisuiuxqe.tests.OrderCreationTest"/>
      </group> <!-- debug -->
      <group name="Regression">
        <method signature="OrderCreationTest.TC512828_verifySalesOrderLandingPageComingFromWorkAreaSelectionPage(java.lang.String)[pri:48, instance:com.optumrx.irisuiuxqe.tests.OrderCreationTest@598067a5]" name="TC512828_verifySalesOrderLandingPageComingFromWorkAreaSelectionPage" class="com.optumrx.irisuiuxqe.tests.OrderCreationTest"/>
      </group> <!-- Regression -->
      <group name="SalesOrder">
        <method signature="OrderCreationTest.TC512828_verifySalesOrderLandingPageComingFromWorkAreaSelectionPage(java.lang.String)[pri:48, instance:com.optumrx.irisuiuxqe.tests.OrderCreationTest@598067a5]" name="TC512828_verifySalesOrderLandingPageComingFromWorkAreaSelectionPage" class="com.optumrx.irisuiuxqe.tests.OrderCreationTest"/>
      </group> <!-- SalesOrder -->
    </groups>
    <test name="InternetExplorerTest" duration-ms="283230" started-at="2018-07-25T06:34:25Z" finished-at="2018-07-25T06:39:08Z">
      <class name="com.optumrx.irisuiuxqe.tests.OrderCreationTest">
        <test-method status="PASS" signature="createConnections()[pri:0, instance:com.optumrx.irisuiuxqe.tests.OrderCreationTest@598067a5]" name="createConnections" is-config="true" duration-ms="2491" started-at="2018-07-25T12:04:25Z" finished-at="2018-07-25T12:04:27Z">
          <reporter-output>
          </reporter-output>
        </test-method> <!-- createConnections -->
        <test-method status="SKIP" signature="TC512828_verifySalesOrderLandingPageComingFromWorkAreaSelectionPage(java.lang.String)[pri:48, instance:com.optumrx.irisuiuxqe.tests.OrderCreationTest@598067a5]" name="TC512828_verifySalesOrderLandingPageComingFromWorkAreaSelectionPage" duration-ms="94874" started-at="2018-07-25T12:04:27Z" finished-at="2018-07-25T12:06:02Z">
          <params>
            <param index="0">
              <value>
                <![CDATA[IE]]>
              </value>
            </param>
          </params>
          <exception class="org.openqa.selenium.TimeoutException">
            <message>
              <![CDATA[Expected condition failed: waiting for element to be clickable: By.xpath: .//div[@class='col-md-12 top-margin']/div/div/div/div[2]/div/p (tried for 15 second(s) with 500 MILLISECONDS interval)]]>
            </message>
            <full-stacktrace>
              <![CDATA[org.openqa.selenium.TimeoutException: Expected condition failed: waiting for element to be clickable: By.xpath: .//div[@class='col-md-12 top-margin']/div/div/div/div[2]/div/p (tried for 15 second(s) with 500 MILLISECONDS interval)
	at org.openqa.selenium.support.ui.WebDriverWait.timeoutException(WebDriverWait.java:80)
	at org.openqa.selenium.support.ui.FluentWait.until(FluentWait.java:232)
	at com.optumrx.irisuiuxqe.util.ComponentMethods.clickOnWebElelent(ComponentMethods.java:74)
	at com.optumrx.irisuiuxqe.ordercreation.SalesOrderPage.logout(SalesOrderPage.java:23)
	at com.optumrx.irisuiuxqe.tests.OrderCreationTest.TC512828_verifySalesOrderLandingPageComingFromWorkAreaSelectionPage(OrderCreationTest.java:1603)
	at sun.reflect.NativeMethodAccessorImpl.invoke0(Native Method)
	at sun.reflect.NativeMethodAccessorImpl.invoke(NativeMethodAccessorImpl.java:62)
	at sun.reflect.DelegatingMethodAccessorImpl.invoke(DelegatingMethodAccessorImpl.java:43)
	at java.lang.reflect.Method.invoke(Method.java:498)
	at org.testng.internal.MethodInvocationHelper.invokeMethod(MethodInvocationHelper.java:86)
	at org.testng.internal.Invoker.invokeMethod(Invoker.java:643)
	at org.testng.internal.Invoker.invokeTestMethod(Invoker.java:820)
	at org.testng.internal.Invoker.invokeTestMethods(Invoker.java:1128)
	at org.testng.internal.TestMethodWorker.invokeTestMethods(TestMethodWorker.java:129)
	at org.testng.internal.TestMethodWorker.run(TestMethodWorker.java:112)
	at org.testng.TestRunner.privateRun(TestRunner.java:782)
	at org.testng.TestRunner.run(TestRunner.java:632)
	at org.testng.SuiteRunner.runTest(SuiteRunner.java:366)
	at org.testng.SuiteRunner.runSequentially(SuiteRunner.java:361)
	at org.testng.SuiteRunner.privateRun(SuiteRunner.java:319)
	at org.testng.SuiteRunner.run(SuiteRunner.java:268)
	at org.testng.SuiteRunnerWorker.runSuite(SuiteRunnerWorker.java:52)
	at org.testng.SuiteRunnerWorker.run(SuiteRunnerWorker.java:86)
	at org.testng.TestNG.runSuitesSequentially(TestNG.java:1244)
	at org.testng.TestNG.runSuitesLocally(TestNG.java:1169)
	at org.testng.TestNG.run(TestNG.java:1064)
	at org.testng.remote.AbstractRemoteTestNG.run(AbstractRemoteTestNG.java:126)
	at org.testng.remote.RemoteTestNG.initAndRun(RemoteTestNG.java:137)
	at org.testng.remote.RemoteTestNG.main(RemoteTestNG.java:58)
Caused by: org.openqa.selenium.NoSuchElementException: Cannot locate an element using By.xpath: .//div[@class='col-md-12 top-margin']/div/div/div/div[2]/div/p
For documentation on this error, please visit: http://seleniumhq.org/exceptions/no_such_element.html
Build info: version: '3.5.3', revision: 'a88d25fe6b', time: '2017-08-29T12:42:44.417Z'
System info: host: 'LH7U05CG6375FW6', ip: '10.194.24.77', os.name: 'Windows 7', os.arch: 'amd64', os.version: '6.1', java.version: '1.8.0_91'
Driver info: driver.version: unknown
	at org.openqa.selenium.support.ui.ExpectedConditions.lambda$findElement$0(ExpectedConditions.java:883)
	at java.util.Optional.orElseThrow(Optional.java:290)
	at org.openqa.selenium.support.ui.ExpectedConditions.findElement(ExpectedConditions.java:882)
	at org.openqa.selenium.support.ui.ExpectedConditions.access$000(ExpectedConditions.java:44)
	at org.openqa.selenium.support.ui.ExpectedConditions$7.apply(ExpectedConditions.java:206)
	at org.openqa.selenium.support.ui.ExpectedConditions$7.apply(ExpectedConditions.java:202)
	at org.openqa.selenium.support.ui.ExpectedConditions$22.apply(ExpectedConditions.java:644)
	at org.openqa.selenium.support.ui.ExpectedConditions$22.apply(ExpectedConditions.java:641)
	at org.openqa.selenium.support.ui.FluentWait.until(FluentWait.java:209)
	... 27 more
]]>
            </full-stacktrace>
          </exception> <!-- org.openqa.selenium.TimeoutException -->
          <reporter-output>
          </reporter-output>
        </test-method> <!-- TC512828_verifySalesOrderLandingPageComingFromWorkAreaSelectionPage -->
        <test-method status="PASS" signature="oc_login_00()[pri:0, instance:com.optumrx.irisuiuxqe.tests.OrderCreationTest@598067a5]" name="oc_login_00" is-config="true" duration-ms="0" started-at="2018-07-25T12:04:27Z" finished-at="2018-07-25T12:04:27Z">
          <reporter-output>
          </reporter-output>
        </test-method> <!-- oc_login_00 -->
        <test-method status="PASS" signature="logout(org.testng.ITestResult)[pri:0, instance:com.optumrx.irisuiuxqe.tests.OrderCreationTest@598067a5]" name="logout" is-config="true" duration-ms="620" started-at="2018-07-25T12:06:02Z" finished-at="2018-07-25T12:06:03Z">
          <params>
            <param index="0">
              <value>
                <![CDATA[[TestResult name=TC512828_verifySalesOrderLandingPageComingFromWorkAreaSelectionPage status=SKIP method=OrderCreationTest.TC512828_verifySalesOrderLandingPageComingFromWorkAreaSelectionPage(java.lang.String)[pri:48, instance:com.optumrx.irisuiuxqe.tests.OrderCreationTest@598067a5] output={null}]]]>
              </value>
            </param>
          </params>
          <reporter-output>
          </reporter-output>
        </test-method> <!-- logout -->
        <test-method status="SKIP" signature="TC512828_verifySalesOrderLandingPageComingFromWorkAreaSelectionPage(java.lang.String)[pri:48, instance:com.optumrx.irisuiuxqe.tests.OrderCreationTest@598067a5]" name="TC512828_verifySalesOrderLandingPageComingFromWorkAreaSelectionPage" duration-ms="92296" started-at="2018-07-25T12:06:03Z" finished-at="2018-07-25T12:07:35Z">
          <params>
            <param index="0">
              <value>
                <![CDATA[IE]]>
              </value>
            </param>
          </params>
          <exception class="org.openqa.selenium.TimeoutException">
            <message>
              <![CDATA[Expected condition failed: waiting for element to be clickable: By.xpath: .//div[@class='col-md-12 top-margin']/div/div/div/div[2]/div/p (tried for 15 second(s) with 500 MILLISECONDS interval)]]>
            </message>
            <full-stacktrace>
              <![CDATA[org.openqa.selenium.TimeoutException: Expected condition failed: waiting for element to be clickable: By.xpath: .//div[@class='col-md-12 top-margin']/div/div/div/div[2]/div/p (tried for 15 second(s) with 500 MILLISECONDS interval)
	at org.openqa.selenium.support.ui.WebDriverWait.timeoutException(WebDriverWait.java:80)
	at org.openqa.selenium.support.ui.FluentWait.until(FluentWait.java:232)
	at com.optumrx.irisuiuxqe.util.ComponentMethods.clickOnWebElelent(ComponentMethods.java:74)
	at com.optumrx.irisuiuxqe.ordercreation.SalesOrderPage.logout(SalesOrderPage.java:23)
	at com.optumrx.irisuiuxqe.tests.OrderCreationTest.TC512828_verifySalesOrderLandingPageComingFromWorkAreaSelectionPage(OrderCreationTest.java:1603)
	at sun.reflect.NativeMethodAccessorImpl.invoke0(Native Method)
	at sun.reflect.NativeMethodAccessorImpl.invoke(NativeMethodAccessorImpl.java:62)
	at sun.reflect.DelegatingMethodAccessorImpl.invoke(DelegatingMethodAccessorImpl.java:43)
	at java.lang.reflect.Method.invoke(Method.java:498)
	at org.testng.internal.MethodInvocationHelper.invokeMethod(MethodInvocationHelper.java:86)
	at org.testng.internal.Invoker.invokeMethod(Invoker.java:643)
	at org.testng.internal.Invoker.retryFailed(Invoker.java:967)
	at org.testng.internal.Invoker.invokeTestMethods(Invoker.java:1146)
	at org.testng.internal.TestMethodWorker.invokeTestMethods(TestMethodWorker.java:129)
	at org.testng.internal.TestMethodWorker.run(TestMethodWorker.java:112)
	at org.testng.TestRunner.privateRun(TestRunner.java:782)
	at org.testng.TestRunner.run(TestRunner.java:632)
	at org.testng.SuiteRunner.runTest(SuiteRunner.java:366)
	at org.testng.SuiteRunner.runSequentially(SuiteRunner.java:361)
	at org.testng.SuiteRunner.privateRun(SuiteRunner.java:319)
	at org.testng.SuiteRunner.run(SuiteRunner.java:268)
	at org.testng.SuiteRunnerWorker.runSuite(SuiteRunnerWorker.java:52)
	at org.testng.SuiteRunnerWorker.run(SuiteRunnerWorker.java:86)
	at org.testng.TestNG.runSuitesSequentially(TestNG.java:1244)
	at org.testng.TestNG.runSuitesLocally(TestNG.java:1169)
	at org.testng.TestNG.run(TestNG.java:1064)
	at org.testng.remote.AbstractRemoteTestNG.run(AbstractRemoteTestNG.java:126)
	at org.testng.remote.RemoteTestNG.initAndRun(RemoteTestNG.java:137)
	at org.testng.remote.RemoteTestNG.main(RemoteTestNG.java:58)
Caused by: org.openqa.selenium.NoSuchElementException: Cannot locate an element using By.xpath: .//div[@class='col-md-12 top-margin']/div/div/div/div[2]/div/p
For documentation on this error, please visit: http://seleniumhq.org/exceptions/no_such_element.html
Build info: version: '3.5.3', revision: 'a88d25fe6b', time: '2017-08-29T12:42:44.417Z'
System info: host: 'LH7U05CG6375FW6', ip: '10.194.24.77', os.name: 'Windows 7', os.arch: 'amd64', os.version: '6.1', java.version: '1.8.0_91'
Driver info: driver.version: unknown
	at org.openqa.selenium.support.ui.ExpectedConditions.lambda$findElement$0(ExpectedConditions.java:883)
	at java.util.Optional.orElseThrow(Optional.java:290)
	at org.openqa.selenium.support.ui.ExpectedConditions.findElement(ExpectedConditions.java:882)
	at org.openqa.selenium.support.ui.ExpectedConditions.access$000(ExpectedConditions.java:44)
	at org.openqa.selenium.support.ui.ExpectedConditions$7.apply(ExpectedConditions.java:206)
	at org.openqa.selenium.support.ui.ExpectedConditions$7.apply(ExpectedConditions.java:202)
	at org.openqa.selenium.support.ui.ExpectedConditions$22.apply(ExpectedConditions.java:644)
	at org.openqa.selenium.support.ui.ExpectedConditions$22.apply(ExpectedConditions.java:641)
	at org.openqa.selenium.support.ui.FluentWait.until(FluentWait.java:209)
	... 27 more
]]>
            </full-stacktrace>
          </exception> <!-- org.openqa.selenium.TimeoutException -->
          <reporter-output>
          </reporter-output>
        </test-method> <!-- TC512828_verifySalesOrderLandingPageComingFromWorkAreaSelectionPage -->
        <test-method status="PASS" signature="oc_login_00()[pri:0, instance:com.optumrx.irisuiuxqe.tests.OrderCreationTest@598067a5]" name="oc_login_00" is-config="true" duration-ms="0" started-at="2018-07-25T12:06:03Z" finished-at="2018-07-25T12:06:03Z">
          <reporter-output>
          </reporter-output>
        </test-method> <!-- oc_login_00 -->
        <test-method status="PASS" signature="logout(org.testng.ITestResult)[pri:0, instance:com.optumrx.irisuiuxqe.tests.OrderCreationTest@598067a5]" name="logout" is-config="true" duration-ms="751" started-at="2018-07-25T12:07:35Z" finished-at="2018-07-25T12:07:36Z">
          <params>
            <param index="0">
              <value>
                <![CDATA[[TestResult name=TC512828_verifySalesOrderLandingPageComingFromWorkAreaSelectionPage status=SKIP method=OrderCreationTest.TC512828_verifySalesOrderLandingPageComingFromWorkAreaSelectionPage(java.lang.String)[pri:48, instance:com.optumrx.irisuiuxqe.tests.OrderCreationTest@598067a5] output={null}]]]>
              </value>
            </param>
          </params>
          <reporter-output>
          </reporter-output>
        </test-method> <!-- logout -->
        <test-method status="FAIL" signature="TC512828_verifySalesOrderLandingPageComingFromWorkAreaSelectionPage(java.lang.String)[pri:48, instance:com.optumrx.irisuiuxqe.tests.OrderCreationTest@598067a5]" name="TC512828_verifySalesOrderLandingPageComingFromWorkAreaSelectionPage" duration-ms="87331" started-at="2018-07-25T12:07:36Z" finished-at="2018-07-25T12:09:03Z">
          <params>
            <param index="0">
              <value>
                <![CDATA[IE]]>
              </value>
            </param>
          </params>
          <exception class="org.openqa.selenium.TimeoutException">
            <message>
              <![CDATA[Expected condition failed: waiting for element to be clickable: By.id: workAreaSearch (tried for 15 second(s) with 500 MILLISECONDS interval)
Build info: version: '3.5.3', revision: 'a88d25fe6b', time: '2017-08-29T12:42:44.417Z'
System info: host: 'LH7U05CG6375FW6', ip: '10.194.24.77', os.name: 'Windows 7', os.arch: 'amd64', os.version: '6.1', java.version: '1.8.0_91'
Driver info: org.openqa.selenium.ie.InternetExplorerDriver
Capabilities [{proxy=Proxy(), acceptInsecureCerts=false, browserVersion=11, se:ieOptions={nativeEvents=true, browserAttachTimeout=0, ie.ensureCleanSession=false, elementScrollBehavior=0, enablePersistentHover=false, ie.browserCommandLineSwitches=, ie.forceCreateProcessApi=false, requireWindowFocus=true, initialBrowserUrl=http://localhost:15703/, ignoreZoomSetting=false, ie.fileUploadDialogTimeout=3000, ignoreProtectedModeSettings=true}, timeouts={implicit=0, pageLoad=300000, script=30000}, browserName=internet explorer, pageLoadStrategy=normal, javascriptEnabled=true, platformName=XP, setWindowRect=true, platform=XP}]
Session ID: 0d45f62b-4b58-4653-8091-50f271c47b76]]>
            </message>
            <full-stacktrace>
              <![CDATA[org.openqa.selenium.TimeoutException: Expected condition failed: waiting for element to be clickable: By.id: workAreaSearch (tried for 15 second(s) with 500 MILLISECONDS interval)
Build info: version: '3.5.3', revision: 'a88d25fe6b', time: '2017-08-29T12:42:44.417Z'
System info: host: 'LH7U05CG6375FW6', ip: '10.194.24.77', os.name: 'Windows 7', os.arch: 'amd64', os.version: '6.1', java.version: '1.8.0_91'
Driver info: org.openqa.selenium.ie.InternetExplorerDriver
Capabilities [{proxy=Proxy(), acceptInsecureCerts=false, browserVersion=11, se:ieOptions={nativeEvents=true, browserAttachTimeout=0, ie.ensureCleanSession=false, elementScrollBehavior=0, enablePersistentHover=false, ie.browserCommandLineSwitches=, ie.forceCreateProcessApi=false, requireWindowFocus=true, initialBrowserUrl=http://localhost:15703/, ignoreZoomSetting=false, ie.fileUploadDialogTimeout=3000, ignoreProtectedModeSettings=true}, timeouts={implicit=0, pageLoad=300000, script=30000}, browserName=internet explorer, pageLoadStrategy=normal, javascriptEnabled=true, platformName=XP, setWindowRect=true, platform=XP}]
Session ID: 0d45f62b-4b58-4653-8091-50f271c47b76
	at org.openqa.selenium.support.ui.WebDriverWait.timeoutException(WebDriverWait.java:80)
	at org.openqa.selenium.support.ui.FluentWait.until(FluentWait.java:232)
	at com.optumrx.irisuiuxqe.util.ComponentMethods.clickOnWebElelent(ComponentMethods.java:77)
	at com.optumrx.irisuiuxqe.ordercreation.SelectWorkAreaPage.selectValuesFromDropdownAndClickSearch(SelectWorkAreaPage.java:564)
	at com.optumrx.irisuiuxqe.tests.OrderCreationTest.TC512828_verifySalesOrderLandingPageComingFromWorkAreaSelectionPage(OrderCreationTest.java:1596)
	at sun.reflect.NativeMethodAccessorImpl.invoke0(Native Method)
	at sun.reflect.NativeMethodAccessorImpl.invoke(NativeMethodAccessorImpl.java:62)
	at sun.reflect.DelegatingMethodAccessorImpl.invoke(DelegatingMethodAccessorImpl.java:43)
	at java.lang.reflect.Method.invoke(Method.java:498)
	at org.testng.internal.MethodInvocationHelper.invokeMethod(MethodInvocationHelper.java:86)
	at org.testng.internal.Invoker.invokeMethod(Invoker.java:643)
	at org.testng.internal.Invoker.retryFailed(Invoker.java:967)
	at org.testng.internal.Invoker.invokeTestMethods(Invoker.java:1146)
	at org.testng.internal.TestMethodWorker.invokeTestMethods(TestMethodWorker.java:129)
	at org.testng.internal.TestMethodWorker.run(TestMethodWorker.java:112)
	at org.testng.TestRunner.privateRun(TestRunner.java:782)
	at org.testng.TestRunner.run(TestRunner.java:632)
	at org.testng.SuiteRunner.runTest(SuiteRunner.java:366)
	at org.testng.SuiteRunner.runSequentially(SuiteRunner.java:361)
	at org.testng.SuiteRunner.privateRun(SuiteRunner.java:319)
	at org.testng.SuiteRunner.run(SuiteRunner.java:268)
	at org.testng.SuiteRunnerWorker.runSuite(SuiteRunnerWorker.java:52)
	at org.testng.SuiteRunnerWorker.run(SuiteRunnerWorker.java:86)
	at org.testng.TestNG.runSuitesSequentially(TestNG.java:1244)
	at org.testng.TestNG.runSuitesLocally(TestNG.java:1169)
	at org.testng.TestNG.run(TestNG.java:1064)
	at org.testng.remote.AbstractRemoteTestNG.run(AbstractRemoteTestNG.java:126)
	at org.testng.remote.RemoteTestNG.initAndRun(RemoteTestNG.java:137)
	at org.testng.remote.RemoteTestNG.main(RemoteTestNG.java:58)
]]>
            </full-stacktrace>
          </exception> <!-- org.openqa.selenium.TimeoutException -->
          <reporter-output>
          </reporter-output>
        </test-method> <!-- TC512828_verifySalesOrderLandingPageComingFromWorkAreaSelectionPage -->
        <test-method status="PASS" signature="oc_login_00()[pri:0, instance:com.optumrx.irisuiuxqe.tests.OrderCreationTest@598067a5]" name="oc_login_00" is-config="true" duration-ms="0" started-at="2018-07-25T12:07:36Z" finished-at="2018-07-25T12:07:36Z">
          <reporter-output>
          </reporter-output>
        </test-method> <!-- oc_login_00 -->
        <test-method status="PASS" signature="logout(org.testng.ITestResult)[pri:0, instance:com.optumrx.irisuiuxqe.tests.OrderCreationTest@598067a5]" name="logout" is-config="true" duration-ms="520" started-at="2018-07-25T12:09:03Z" finished-at="2018-07-25T12:09:04Z">
          <params>
            <param index="0">
              <value>
                <![CDATA[[TestResult name=TC512828_verifySalesOrderLandingPageComingFromWorkAreaSelectionPage status=FAILURE method=OrderCreationTest.TC512828_verifySalesOrderLandingPageComingFromWorkAreaSelectionPage(java.lang.String)[pri:48, instance:com.optumrx.irisuiuxqe.tests.OrderCreationTest@598067a5] output={null}]]]>
              </value>
            </param>
          </params>
          <reporter-output>
          </reporter-output>
        </test-method> <!-- logout -->
        <test-method status="PASS" signature="closeConnections()[pri:0, instance:com.optumrx.irisuiuxqe.tests.OrderCreationTest@598067a5]" name="closeConnections" is-config="true" duration-ms="4263" started-at="2018-07-25T12:09:04Z" finished-at="2018-07-25T12:09:08Z">
          <reporter-output>
          </reporter-output>
        </test-method> <!-- closeConnections -->
      </class> <!-- com.optumrx.irisuiuxqe.tests.OrderCreationTest -->
    </test> <!-- InternetExplorerTest -->
  </suite> <!-- Suite -->
</testng-results>
